#
# There is insufficient memory for the Java Runtime Environment to continue.
# Native memory allocation (mmap) failed to map 266338304 bytes for G1 virtual space
# Possible reasons:
#   The system is out of physical RAM or swap space
#   The process is running with CompressedOops enabled, and the Java Heap may be blocking the growth of the native heap
# Possible solutions:
#   Reduce memory load on the system
#   Increase physical memory or swap space
#   Check if swap backing store is full
#   Decrease Java heap size (-Xmx/-Xms)
#   Decrease number of Java threads
#   Decrease Java thread stack sizes (-Xss)
#   Set larger code cache with -XX:ReservedCodeCacheSize=
#   JVM is running with Zero Based Compressed Oops mode in which the Java heap is
#     placed in the first 32GB address space. The Java Heap base address is the
#     maximum limit for the native heap growth. Please use -XX:HeapBaseMinAddress
#     to set the Java Heap base and to place the Java Heap above 32GB virtual address.
# This output file may be truncated or incomplete.
#
#  Out of Memory Error (os_windows.cpp:3528), pid=24160, tid=17180
#
# JRE version:  (20.0.2+9) (build )
# Java VM: Java HotSpot(TM) 64-Bit Server VM (20.0.2+9-78, mixed mode, sharing, tiered, compressed oops, compressed class ptrs, g1 gc, windows-amd64)
# No core dump will be written. Minidumps are not enabled by default on client versions of Windows
#

---------------  S U M M A R Y ------------

Command Line: -Djava.net.preferIPv4Stack=true cis5550.kvs.Worker 8003 worker3 localhost:8000

Host: Intel(R) Core(TM) i5-8265U CPU @ 1.60GHz, 8 cores, 15G,  Windows 10 , 64 bit Build 19041 (10.0.19041.3636)
Time: Mon Dec 11 22:43:19 2023  Windows 10 , 64 bit Build 19041 (10.0.19041.3636) elapsed time: 0.021558 seconds (0d 0h 0m 0s)

---------------  T H R E A D  ---------------

Current thread (0x000001a58fa7b7f0):  JavaThread "Unknown thread" [_thread_in_vm, id=17180, stack(0x0000002b4d000000,0x0000002b4d100000)]

Stack: [0x0000002b4d000000,0x0000002b4d100000]
Native frames: (J=compiled Java code, j=interpreted, Vv=VM code, C=native code)
V  [jvm.dll+0x6bc25a]
V  [jvm.dll+0x84971a]
V  [jvm.dll+0x84b315]
V  [jvm.dll+0x84ba13]
V  [jvm.dll+0x280e4f]
V  [jvm.dll+0x6b8fe9]
V  [jvm.dll+0x6adbca]
V  [jvm.dll+0x35b165]
V  [jvm.dll+0x363386]
V  [jvm.dll+0x3b400e]
V  [jvm.dll+0x3b4295]
V  [jvm.dll+0x32b86a]
V  [jvm.dll+0x32c68b]
V  [jvm.dll+0x8123df]
V  [jvm.dll+0x3c1261]
V  [jvm.dll+0x7fe103]
V  [jvm.dll+0x44ccaf]
V  [jvm.dll+0x44e621]
C  [jli.dll+0x5287]
C  [ucrtbase.dll+0x21bb2]
C  [KERNEL32.DLL+0x17344]
C  [ntdll.dll+0x526b1]


---------------  P R O C E S S  ---------------

Threads class SMR info:
_java_thread_list=0x00007ffd44c2b118, length=0, elements={
}

Java Threads: ( => current thread )

Other Threads:
  0x000001a58faec8a0 WorkerThread "GC Thread#0" [stack: 0x0000002b4d100000,0x0000002b4d200000] [id=10696]
  0x000001a58fafd4b0 ConcurrentGCThread "G1 Main Marker" [stack: 0x0000002b4d200000,0x0000002b4d300000] [id=4996]
  0x000001a58fafe080 WorkerThread "G1 Conc#0" [stack: 0x0000002b4d300000,0x0000002b4d400000] [id=5512]

[error occurred during error reporting (printing all threads), id 0xc0000005, EXCEPTION_ACCESS_VIOLATION (0xc0000005) at pc=0x00007ffd4440eea7]
VM state: not at safepoint (not fully initialized)

VM Mutex/Monitor currently owned by a thread:  ([mutex/lock_event])
[0x000001a58fa77760] Heap_lock - owner thread: 0x000001a58fa7b7f0

Heap address: 0x0000000703000000, size: 4048 MB, Compressed Oops mode: Zero based, Oop shift amount: 3

CDS archive(s) mapped at: [0x0000000000000000-0x0000000000000000-0x0000000000000000), size 0, SharedBaseAddress: 0x0000000800000000, ArchiveRelocationMode: 1.
Narrow klass base: 0x0000000000000000, Narrow klass shift: 0, Narrow klass range: 0x0

GC Precious Log:
 CardTable entry size: 512
 Card Set container configuration: InlinePtr #cards 4 size 8 Array Of Cards #cards 16 size 48 Howl #buckets 8 coarsen threshold 3686 Howl Bitmap #cards 512 size 80 coarsen threshold 460 Card regions per heap region 1 cards per card region 4096

Heap:
 garbage-first heap   total 0K, used 0K [0x0000000703000000, 0x0000000800000000)
  region size 2048K, 0 young (0K), 0 survivors (0K)

[error occurred during error reporting (printing heap information), id 0xc0000005, EXCEPTION_ACCESS_VIOLATION (0xc0000005) at pc=0x00007ffd447e47b9]
GC Heap History (0 events):
No events

Dll operation events (1 events):
Event: 0.009 Loaded shared library D:\Java\JDK-20\bin\java.dll

Deoptimization events (0 events):
No events

Classes loaded (0 events):
No events

Classes unloaded (0 events):
No events

Classes redefined (0 events):
No events

Internal exceptions (0 events):
No events

VM Operations (0 events):
No events

Events (0 events):
No events


Dynamic libraries:
0x00007ff72f820000 - 0x00007ff72f830000 	D:\Java\JDK-20\bin\java.exe
0x00007ffd8a630000 - 0x00007ffd8a828000 	C:\WINDOWS\SYSTEM32\ntdll.dll
0x00007ffd88fb0000 - 0x00007ffd8906d000 	C:\WINDOWS\System32\KERNEL32.DLL
0x00007ffd87d60000 - 0x00007ffd88056000 	C:\WINDOWS\System32\KERNELBASE.dll
0x00007ffd88100000 - 0x00007ffd88200000 	C:\WINDOWS\System32\ucrtbase.dll
0x00007ffd7e930000 - 0x00007ffd7e949000 	D:\Java\JDK-20\bin\jli.dll
0x00007ffd7e5d0000 - 0x00007ffd7e5eb000 	D:\Java\JDK-20\bin\VCRUNTIME140.dll
0x00007ffd8a4b0000 - 0x00007ffd8a55f000 	C:\WINDOWS\System32\ADVAPI32.dll
0x00007ffd89620000 - 0x00007ffd896be000 	C:\WINDOWS\System32\msvcrt.dll
0x00007ffd89980000 - 0x00007ffd89a1c000 	C:\WINDOWS\System32\sechost.dll
0x00007ffd89bc0000 - 0x00007ffd89ce6000 	C:\WINDOWS\System32\RPCRT4.dll
0x00007ffd89a20000 - 0x00007ffd89bbe000 	C:\WINDOWS\System32\USER32.dll
0x00007ffd88630000 - 0x00007ffd88652000 	C:\WINDOWS\System32\win32u.dll
0x00007ffd6fc20000 - 0x00007ffd6feba000 	C:\WINDOWS\WinSxS\amd64_microsoft.windows.common-controls_6595b64144ccf1df_6.0.19041.3636_none_60b6a03d71f818d5\COMCTL32.dll
0x00007ffd89070000 - 0x00007ffd8909c000 	C:\WINDOWS\System32\GDI32.dll
0x00007ffd88510000 - 0x00007ffd8862a000 	C:\WINDOWS\System32\gdi32full.dll
0x00007ffd88060000 - 0x00007ffd880fd000 	C:\WINDOWS\System32\msvcp_win.dll
0x00007ffd7ef00000 - 0x00007ffd7ef0a000 	C:\WINDOWS\SYSTEM32\VERSION.dll
0x00007ffd88680000 - 0x00007ffd886b0000 	C:\WINDOWS\System32\IMM32.DLL
0x00007ffd7ed50000 - 0x00007ffd7ed5c000 	D:\Java\JDK-20\bin\vcruntime140_1.dll
0x00007ffd4e0b0000 - 0x00007ffd4e13e000 	D:\Java\JDK-20\bin\msvcp140.dll
0x00007ffd440d0000 - 0x00007ffd44d68000 	D:\Java\JDK-20\bin\server\jvm.dll
0x00007ffd7db00000 - 0x00007ffd7db09000 	C:\WINDOWS\SYSTEM32\WSOCK32.dll
0x00007ffd6d7c0000 - 0x00007ffd6d7e7000 	C:\WINDOWS\SYSTEM32\WINMM.dll
0x00007ffd894c0000 - 0x00007ffd8952b000 	C:\WINDOWS\System32\WS2_32.dll
0x00007ffd864d0000 - 0x00007ffd864e2000 	C:\WINDOWS\SYSTEM32\kernel.appcore.dll
0x00007ffd7d1d0000 - 0x00007ffd7d1da000 	D:\Java\JDK-20\bin\jimage.dll
0x00007ffd85b10000 - 0x00007ffd85cf4000 	C:\WINDOWS\SYSTEM32\DBGHELP.DLL
0x00007ffd6ad10000 - 0x00007ffd6ad44000 	C:\WINDOWS\SYSTEM32\dbgcore.DLL
0x00007ffd88200000 - 0x00007ffd88282000 	C:\WINDOWS\System32\bcryptPrimitives.dll
0x00007ffd780b0000 - 0x00007ffd780d6000 	D:\Java\JDK-20\bin\java.dll

dbghelp: loaded successfully - version: 4.0.5 - missing functions: none
symbol engine: initialized successfully - sym options: 0x614 - pdb path: .;D:\Java\JDK-20\bin;C:\WINDOWS\SYSTEM32;C:\WINDOWS\WinSxS\amd64_microsoft.windows.common-controls_6595b64144ccf1df_6.0.19041.3636_none_60b6a03d71f818d5;D:\Java\JDK-20\bin\server

VM Arguments:
jvm_args: -Djava.net.preferIPv4Stack=true 
java_command: cis5550.kvs.Worker 8003 worker3 localhost:8000
java_class_path (initial): classes
Launcher Type: SUN_STANDARD

[Global flags]
     intx CICompilerCount                          = 4                                         {product} {ergonomic}
     uint ConcGCThreads                            = 2                                         {product} {ergonomic}
     uint G1ConcRefinementThreads                  = 8                                         {product} {ergonomic}
   size_t G1HeapRegionSize                         = 2097152                                   {product} {ergonomic}
    uintx GCDrainStackTargetSize                   = 64                                        {product} {ergonomic}
   size_t InitialHeapSize                          = 266338304                                 {product} {ergonomic}
   size_t MarkStackSize                            = 4194304                                   {product} {ergonomic}
   size_t MaxHeapSize                              = 4244635648                                {product} {ergonomic}
   size_t MinHeapDeltaBytes                        = 2097152                                   {product} {ergonomic}
   size_t MinHeapSize                              = 8388608                                   {product} {ergonomic}
    uintx NonNMethodCodeHeapSize                   = 5839372                                {pd product} {ergonomic}
    uintx NonProfiledCodeHeapSize                  = 122909434                              {pd product} {ergonomic}
    uintx ProfiledCodeHeapSize                     = 122909434                              {pd product} {ergonomic}
    uintx ReservedCodeCacheSize                    = 251658240                              {pd product} {ergonomic}
     bool SegmentedCodeCache                       = true                                      {product} {ergonomic}
   size_t SoftMaxHeapSize                          = 4244635648                             {manageable} {ergonomic}
     bool UseCompressedClassPointers               = true                           {product lp64_product} {ergonomic}
     bool UseCompressedOops                        = true                           {product lp64_product} {ergonomic}
     bool UseG1GC                                  = true                                      {product} {ergonomic}
     bool UseLargePagesIndividualAllocation        = false                                  {pd product} {ergonomic}

Logging:
Log output configuration:
 #0: stdout all=warning uptime,level,tags foldmultilines=false
 #1: stderr all=off uptime,level,tags foldmultilines=false

Environment Variables:
JAVA_HOME=D:\Java
JAVA_TOOL_OPTIONS=-Djava.net.preferIPv4Stack=true
PATH=C:\Program Files\Common Files\Oracle\Java\javapath;D:\SIMULIA\Commands;D:\Java\bin;C:\WINDOWS\system32;C:\WINDOWS;C:\WINDOWS\system32\wbem;C:\Windows\System32\WindowsPowerShell\v1.0;C:\Program Files (x86)\dotnet\;C:\WINDOWS\System32\Wbem;C:\WINDOWS\System32\WindowsPowerShell\v1.0\;C:\WINDOWS\System32\OpenSSH\;D:\GitHub CLI\;D:\Git\cmd;C:\Program Files\Docker\Docker\resources\bin;D:\Java\JDK-20\bin;C:\Program Files\PuTTY\;D:\nodejs\;D:\python\Scripts\;D:\python\;C:\Program Files\MySQL\MySQL Shell 8.0\bin\;C:\Users\Yang Junwei\AppData\Local\Microsoft\WindowsApps;D:\Microsoft VS Code\bin;D:\mongodb-database-tools\bin;D:\msys64\mingw64\bin;D:\Java\JDK-20\bin;C:\Users\Yang Junwei\AppData\Roaming\npm;D:\MongoDB\Mongosh\
USERNAME=Yang Junwei
OS=Windows_NT
PROCESSOR_IDENTIFIER=Intel64 Family 6 Model 142 Stepping 11, GenuineIntel
TMP=C:\Users\YANGJU~1\AppData\Local\Temp
TEMP=C:\Users\YANGJU~1\AppData\Local\Temp




---------------  S Y S T E M  ---------------

OS:
 Windows 10 , 64 bit Build 19041 (10.0.19041.3636)
OS uptime: 2 days 14:04 hours
Hyper-V role detected

CPU: total 8 (initial active 8) (4 cores per cpu, 2 threads per core) family 6 model 142 stepping 11 microcode 0xae, cx8, cmov, fxsr, ht, mmx, 3dnowpref, sse, sse2, sse3, ssse3, sse4.1, sse4.2, popcnt, lzcnt, tsc, tscinvbit, avx, avx2, aes, erms, clmul, bmi1, bmi2, adx, fma, vzeroupper, clflush, clflushopt, hv, rdtscp, f16c

Memory: 4k page, system-wide physical 16191M (635M free)
TotalPageFile size 29310M (AvailPageFile size 191M)
current process WorkingSet (physical memory assigned to process): 11M, peak: 11M
current process commit charge ("private bytes"): 60M, peak: 314M

vm_info: Java HotSpot(TM) 64-Bit Server VM (20.0.2+9-78) for windows-amd64 JRE (20.0.2+9-78), built on 2023-06-14T10:08:48Z by "mach5one" with MS VC++ 17.1 (VS2022)

END.
